2024-05-19 21:28:17,855 INFO  Logger.cs: 70 - 
--------------------------------------------------------------------------------
2024-05-19 21:28:17,874 INFO  Logger.cs: 71 - Logging commencing for SW2URDF exporter
2024-05-19 21:28:17,875 INFO  Logger.cs: 73 - Commit version 1.5.1-0-g916b5db
2024-05-19 21:28:17,875 INFO  Logger.cs: 74 - Build version 1.5.7152.31018
2024-05-19 21:28:17,889 INFO  SwAddin.cs: 250 - Adding Assembly export to file menu
2024-05-19 21:28:17,889 INFO  SwAddin.cs: 253 - Adding Part export to file menu
2024-05-19 21:28:18,007 INFO  SwAddin.cs: 218 - Connecting plugin to SolidWorks
2024-05-19 21:29:16,199 INFO  SwAddin.cs: 328 - Part export called
2024-05-19 21:29:16,220 INFO  ExportHelperExtension.cs: 1131 - Retrieving features of type [CoordSys] from capsule_whole
2024-05-19 21:29:16,243 INFO  ExportHelperExtension.cs: 1142 - Found 28 in capsule_whole
2024-05-19 21:29:16,243 INFO  ExportHelperExtension.cs: 1152 - Found 1 features of type [CoordSys] in capsule_whole
2024-05-19 21:29:16,244 INFO  ExportHelperExtension.cs: 1131 - Retrieving features of type [RefAxis] from capsule_whole
2024-05-19 21:29:16,244 INFO  ExportHelperExtension.cs: 1142 - Found 28 in capsule_whole
2024-05-19 21:29:16,245 INFO  ExportHelperExtension.cs: 1152 - Found 0 features of type [RefAxis] in capsule_whole
2024-05-19 21:29:16,245 INFO  SwAddin.cs: 344 - Showing part
2024-05-19 21:30:11,919 INFO  SwAddin.cs: 328 - Part export called
2024-05-19 21:30:11,929 INFO  ExportHelperExtension.cs: 1131 - Retrieving features of type [CoordSys] from capsule_whole
2024-05-19 21:30:11,929 INFO  ExportHelperExtension.cs: 1142 - Found 27 in capsule_whole
2024-05-19 21:30:11,930 INFO  ExportHelperExtension.cs: 1152 - Found 1 features of type [CoordSys] in capsule_whole
2024-05-19 21:30:11,930 INFO  ExportHelperExtension.cs: 1131 - Retrieving features of type [RefAxis] from capsule_whole
2024-05-19 21:30:11,931 INFO  ExportHelperExtension.cs: 1142 - Found 27 in capsule_whole
2024-05-19 21:30:11,931 INFO  ExportHelperExtension.cs: 1152 - Found 0 features of type [RefAxis] in capsule_whole
2024-05-19 21:30:11,931 INFO  SwAddin.cs: 344 - Showing part
2024-05-19 21:30:24,433 INFO  PackageXMLWriter.cs: 21 - Creating package.xml at D:\magnet_module\capsule_whole\manifest.xml
2024-05-19 21:30:24,442 INFO  ExportHelper.cs: 451 - Saving users preferences
2024-05-19 21:30:24,443 INFO  ExportHelper.cs: 465 - Setting STL preferences
2024-05-19 21:30:24,524 INFO  ExportHelper.cs: 479 - Returning STL preferences to user preferences
2024-05-19 21:31:21,655 INFO  SwAddin.cs: 328 - Part export called
2024-05-19 21:31:21,660 INFO  ExportHelperExtension.cs: 1131 - Retrieving features of type [CoordSys] from capsule_whole
2024-05-19 21:31:21,660 INFO  ExportHelperExtension.cs: 1142 - Found 27 in capsule_whole
2024-05-19 21:31:21,661 INFO  ExportHelperExtension.cs: 1152 - Found 1 features of type [CoordSys] in capsule_whole
2024-05-19 21:31:21,661 INFO  ExportHelperExtension.cs: 1131 - Retrieving features of type [RefAxis] from capsule_whole
2024-05-19 21:31:21,661 INFO  ExportHelperExtension.cs: 1142 - Found 27 in capsule_whole
2024-05-19 21:31:21,661 INFO  ExportHelperExtension.cs: 1152 - Found 0 features of type [RefAxis] in capsule_whole
2024-05-19 21:31:21,662 INFO  SwAddin.cs: 344 - Showing part
2024-05-19 21:31:54,664 INFO  PackageXMLWriter.cs: 21 - Creating package.xml at C:\Users\ding\Desktop\capsule_whole\manifest.xml
2024-05-19 21:31:54,667 INFO  ExportHelper.cs: 451 - Saving users preferences
2024-05-19 21:31:54,667 INFO  ExportHelper.cs: 465 - Setting STL preferences
2024-05-19 21:31:54,700 INFO  ExportHelper.cs: 479 - Returning STL preferences to user preferences
2024-05-19 21:35:36,696 INFO  SwAddin.cs: 328 - Part export called
2024-05-19 21:35:36,705 INFO  ExportHelperExtension.cs: 1131 - Retrieving features of type [CoordSys] from capsule_whole
2024-05-19 21:35:36,706 INFO  ExportHelperExtension.cs: 1142 - Found 27 in capsule_whole
2024-05-19 21:35:36,706 INFO  ExportHelperExtension.cs: 1152 - Found 1 features of type [CoordSys] in capsule_whole
2024-05-19 21:35:36,707 INFO  ExportHelperExtension.cs: 1131 - Retrieving features of type [RefAxis] from capsule_whole
2024-05-19 21:35:36,707 INFO  ExportHelperExtension.cs: 1142 - Found 27 in capsule_whole
2024-05-19 21:35:36,707 INFO  ExportHelperExtension.cs: 1152 - Found 0 features of type [RefAxis] in capsule_whole
2024-05-19 21:35:36,708 INFO  SwAddin.cs: 344 - Showing part
2024-05-19 21:36:07,028 INFO  PackageXMLWriter.cs: 21 - Creating package.xml at D:\magnet_module\capsule_whole\manifest.xml
2024-05-19 21:36:07,029 INFO  ExportHelper.cs: 451 - Saving users preferences
2024-05-19 21:36:07,029 INFO  ExportHelper.cs: 465 - Setting STL preferences
2024-05-19 21:36:07,056 INFO  ExportHelper.cs: 479 - Returning STL preferences to user preferences
2024-05-20 13:44:05,327 INFO  SwAddin.cs: 271 - Assembly export called for file 装配体1
2024-05-20 13:44:05,328 INFO  SwAddin.cs: 276 - Save is required
2024-05-20 13:44:05,330 INFO  SwAddin.cs: 290 - Saving assembly
2024-05-20 13:44:05,330 INFO  SwAddin.cs: 293 - Opening property manager
2024-05-20 13:44:05,331 INFO  ExportHelperExtension.cs: 1131 - Retrieving features of type [CoordSys] from 装配体1
2024-05-20 13:44:05,332 INFO  ExportHelperExtension.cs: 1142 - Found 28 in 装配体1
2024-05-20 13:44:05,332 INFO  ExportHelperExtension.cs: 1152 - Found 1 features of type [CoordSys] in 装配体1
2024-05-20 13:44:05,332 INFO  ExportHelperExtension.cs: 1155 - Proceeding through assembly components
2024-05-20 13:44:05,350 INFO  ExportHelperExtension.cs: 1167 - 2 components to check
2024-05-20 13:44:05,352 INFO  ExportHelperExtension.cs: 1131 - Retrieving features of type [CoordSys] from capsule-1
2024-05-20 13:44:05,352 INFO  ExportHelperExtension.cs: 1142 - Found 27 in capsule-1
2024-05-20 13:44:05,352 INFO  ExportHelperExtension.cs: 1152 - Found 1 features of type [CoordSys] in capsule-1
2024-05-20 13:44:05,352 INFO  ExportHelperExtension.cs: 1131 - Retrieving features of type [CoordSys] from mc-1
2024-05-20 13:44:05,353 INFO  ExportHelperExtension.cs: 1142 - Found 27 in mc-1
2024-05-20 13:44:05,353 INFO  ExportHelperExtension.cs: 1152 - Found 1 features of type [CoordSys] in mc-1
2024-05-20 13:44:05,353 INFO  ExportHelperExtension.cs: 1131 - Retrieving features of type [RefAxis] from 装配体1
2024-05-20 13:44:05,354 INFO  ExportHelperExtension.cs: 1142 - Found 28 in 装配体1
2024-05-20 13:44:05,354 INFO  ExportHelperExtension.cs: 1152 - Found 0 features of type [RefAxis] in 装配体1
2024-05-20 13:44:05,354 INFO  ExportHelperExtension.cs: 1155 - Proceeding through assembly components
2024-05-20 13:44:05,355 INFO  ExportHelperExtension.cs: 1167 - 2 components to check
2024-05-20 13:44:05,355 INFO  ExportHelperExtension.cs: 1131 - Retrieving features of type [RefAxis] from capsule-1
2024-05-20 13:44:05,355 INFO  ExportHelperExtension.cs: 1142 - Found 27 in capsule-1
2024-05-20 13:44:05,355 INFO  ExportHelperExtension.cs: 1152 - Found 0 features of type [RefAxis] in capsule-1
2024-05-20 13:44:05,356 INFO  ExportHelperExtension.cs: 1131 - Retrieving features of type [RefAxis] from mc-1
2024-05-20 13:44:05,356 INFO  ExportHelperExtension.cs: 1142 - Found 27 in mc-1
2024-05-20 13:44:05,356 INFO  ExportHelperExtension.cs: 1152 - Found 0 features of type [RefAxis] in mc-1
2024-05-20 13:44:05,544 INFO  SwAddin.cs: 316 - Loading config tree
2024-05-20 13:44:05,547 INFO  ExportPropertyManagerExtension.cs: 597 - Starting new configuration
2024-05-20 13:44:05,549 INFO  SwAddin.cs: 321 - Showing property manager
2024-05-20 13:44:26,271 INFO  ExportPropertyManager.cs: 1060 - OnComboboxSelectionChanged called. This method no longer throws an Exception. It just silently does nothing. Ok, except for this logging message
2024-05-20 13:44:32,642 INFO  ExportPropertyManager.cs: 1060 - OnComboboxSelectionChanged called. This method no longer throws an Exception. It just silently does nothing. Ok, except for this logging message
2024-05-20 13:44:45,235 INFO  ExportPropertyManager.cs: 1178 - OnNumberBoxTrackingCompleted called. This method no longer throws an Exception. It just silently does nothing. Ok, except for this logging message
2024-05-20 13:44:49,874 INFO  ExportPropertyManager.cs: 1078 - OnListboxSelectionChanged called. This method no longer throws an Exception. It just silently does nothing. Ok, except for this logging message
2024-05-20 13:45:33,694 INFO  ExportPropertyManager.cs: 1060 - OnComboboxSelectionChanged called. This method no longer throws an Exception. It just silently does nothing. Ok, except for this logging message
2024-05-20 13:45:37,026 INFO  ExportPropertyManager.cs: 1060 - OnComboboxSelectionChanged called. This method no longer throws an Exception. It just silently does nothing. Ok, except for this logging message
2024-05-20 13:45:41,114 INFO  ExportPropertyManager.cs: 1060 - OnComboboxSelectionChanged called. This method no longer throws an Exception. It just silently does nothing. Ok, except for this logging message
2024-05-20 13:45:47,807 INFO  ExportPropertyManager.cs: 456 - Configuration saved
2024-05-20 13:45:48,507 INFO  ExportHelperExtension.cs: 338 - Creating joint capsule_link
2024-05-20 13:45:48,514 INFO  ExportHelperExtension.cs: 1409 - Fixing components for mc_link
2024-05-20 13:45:48,515 INFO  ExportHelperExtension.cs: 1414 - Fixing 29
2024-05-20 13:45:48,671 INFO  ExportHelperExtension.cs: 835 - R1: 0, 0
2024-05-20 13:45:48,672 INFO  ExportHelperExtension.cs: 844 - R2: 0, 0
2024-05-20 13:45:48,672 INFO  ExportHelperExtension.cs: 852 - L1: 0
2024-05-20 13:45:48,672 INFO  ExportHelperExtension.cs: 860 - L2: 0
2024-05-20 13:45:48,761 INFO  ExportHelperExtension.cs: 1364 - Unfixing component 29
2024-05-20 13:45:48,936 INFO  ExportPropertyManager.cs: 1184 - AfterClose called. This method no longer throws an Exception. It just silently does nothing. Ok, except for this logging message
2024-05-20 13:46:02,324 WARN  ExportHelperExtension.cs: 174 - Inferring the joint geometry failed for the joint joint0 from link capsule_link to mc_link failed. Check that the mates have not fully defined the components in link capsule_link and that there is exactly one degree of freedom.
2024-05-20 13:47:00,165 INFO  SwAddin.cs: 271 - Assembly export called for file 装配体1
2024-05-20 13:47:00,166 INFO  SwAddin.cs: 276 - Save is required
2024-05-20 13:47:00,166 INFO  SwAddin.cs: 290 - Saving assembly
2024-05-20 13:47:00,166 INFO  SwAddin.cs: 293 - Opening property manager
2024-05-20 13:47:00,167 INFO  ExportHelperExtension.cs: 1131 - Retrieving features of type [CoordSys] from 装配体1
2024-05-20 13:47:00,167 INFO  ExportHelperExtension.cs: 1142 - Found 29 in 装配体1
2024-05-20 13:47:00,167 INFO  ExportHelperExtension.cs: 1152 - Found 1 features of type [CoordSys] in 装配体1
2024-05-20 13:47:00,168 INFO  ExportHelperExtension.cs: 1155 - Proceeding through assembly components
2024-05-20 13:47:00,168 INFO  ExportHelperExtension.cs: 1167 - 2 components to check
2024-05-20 13:47:00,168 INFO  ExportHelperExtension.cs: 1131 - Retrieving features of type [CoordSys] from capsule-1
2024-05-20 13:47:00,168 INFO  ExportHelperExtension.cs: 1142 - Found 27 in capsule-1
2024-05-20 13:47:00,169 INFO  ExportHelperExtension.cs: 1152 - Found 1 features of type [CoordSys] in capsule-1
2024-05-20 13:47:00,169 INFO  ExportHelperExtension.cs: 1131 - Retrieving features of type [CoordSys] from mc-1
2024-05-20 13:47:00,169 INFO  ExportHelperExtension.cs: 1142 - Found 27 in mc-1
2024-05-20 13:47:00,170 INFO  ExportHelperExtension.cs: 1152 - Found 1 features of type [CoordSys] in mc-1
2024-05-20 13:47:00,170 INFO  ExportHelperExtension.cs: 1131 - Retrieving features of type [RefAxis] from 装配体1
2024-05-20 13:47:00,170 INFO  ExportHelperExtension.cs: 1142 - Found 29 in 装配体1
2024-05-20 13:47:00,171 INFO  ExportHelperExtension.cs: 1152 - Found 0 features of type [RefAxis] in 装配体1
2024-05-20 13:47:00,171 INFO  ExportHelperExtension.cs: 1155 - Proceeding through assembly components
2024-05-20 13:47:00,171 INFO  ExportHelperExtension.cs: 1167 - 2 components to check
2024-05-20 13:47:00,171 INFO  ExportHelperExtension.cs: 1131 - Retrieving features of type [RefAxis] from capsule-1
2024-05-20 13:47:00,171 INFO  ExportHelperExtension.cs: 1142 - Found 27 in capsule-1
2024-05-20 13:47:00,172 INFO  ExportHelperExtension.cs: 1152 - Found 0 features of type [RefAxis] in capsule-1
2024-05-20 13:47:00,172 INFO  ExportHelperExtension.cs: 1131 - Retrieving features of type [RefAxis] from mc-1
2024-05-20 13:47:00,172 INFO  ExportHelperExtension.cs: 1142 - Found 27 in mc-1
2024-05-20 13:47:00,173 INFO  ExportHelperExtension.cs: 1152 - Found 0 features of type [RefAxis] in mc-1
2024-05-20 13:47:00,277 INFO  SwAddin.cs: 316 - Loading config tree
2024-05-20 13:47:00,278 INFO  ExportPropertyManagerExtension.cs: 597 - Starting new configuration
2024-05-20 13:47:00,279 INFO  SwAddin.cs: 321 - Showing property manager
2024-05-20 13:47:07,734 INFO  ExportPropertyManager.cs: 1060 - OnComboboxSelectionChanged called. This method no longer throws an Exception. It just silently does nothing. Ok, except for this logging message
2024-05-20 13:47:09,185 INFO  ExportPropertyManager.cs: 1178 - OnNumberBoxTrackingCompleted called. This method no longer throws an Exception. It just silently does nothing. Ok, except for this logging message
2024-05-20 13:47:29,911 INFO  ExportPropertyManager.cs: 1060 - OnComboboxSelectionChanged called. This method no longer throws an Exception. It just silently does nothing. Ok, except for this logging message
2024-05-20 13:47:35,085 INFO  ExportPropertyManager.cs: 1060 - OnComboboxSelectionChanged called. This method no longer throws an Exception. It just silently does nothing. Ok, except for this logging message
2024-05-20 13:47:36,831 INFO  ExportPropertyManager.cs: 1060 - OnComboboxSelectionChanged called. This method no longer throws an Exception. It just silently does nothing. Ok, except for this logging message
2024-05-20 13:47:40,933 INFO  ExportPropertyManager.cs: 456 - Configuration saved
2024-05-20 13:47:41,002 INFO  ExportHelperExtension.cs: 338 - Creating joint capsule_Link
2024-05-20 13:47:41,003 INFO  ExportHelperExtension.cs: 1409 - Fixing components for mc_link
2024-05-20 13:47:41,003 INFO  ExportHelperExtension.cs: 1414 - Fixing 29
2024-05-20 13:47:41,004 INFO  ExportHelperExtension.cs: 1422 - Component 29 is already fixed
2024-05-20 13:47:41,171 INFO  ExportHelperExtension.cs: 835 - R1: 0, 0
2024-05-20 13:47:41,171 INFO  ExportHelperExtension.cs: 844 - R2: 0, 0
2024-05-20 13:47:41,171 INFO  ExportHelperExtension.cs: 852 - L1: 0
2024-05-20 13:47:41,172 INFO  ExportHelperExtension.cs: 860 - L2: 0
2024-05-20 13:47:41,222 INFO  ExportPropertyManager.cs: 1184 - AfterClose called. This method no longer throws an Exception. It just silently does nothing. Ok, except for this logging message
2024-05-20 13:49:23,570 WARN  ExportHelperExtension.cs: 174 - Inferring the joint geometry failed for the joint joint0 from link capsule_Link to mc_link failed. Check that the mates have not fully defined the components in link capsule_Link and that there is exactly one degree of freedom.
2024-05-20 13:49:30,933 INFO  SwAddin.cs: 271 - Assembly export called for file 装配体1
2024-05-20 13:49:30,933 INFO  SwAddin.cs: 276 - Save is required
2024-05-20 13:49:30,933 INFO  SwAddin.cs: 290 - Saving assembly
2024-05-20 13:49:30,934 INFO  SwAddin.cs: 293 - Opening property manager
2024-05-20 13:49:30,934 INFO  ExportHelperExtension.cs: 1131 - Retrieving features of type [CoordSys] from 装配体1
2024-05-20 13:49:30,934 INFO  ExportHelperExtension.cs: 1142 - Found 29 in 装配体1
2024-05-20 13:49:30,935 INFO  ExportHelperExtension.cs: 1152 - Found 1 features of type [CoordSys] in 装配体1
2024-05-20 13:49:30,935 INFO  ExportHelperExtension.cs: 1155 - Proceeding through assembly components
2024-05-20 13:49:30,935 INFO  ExportHelperExtension.cs: 1167 - 2 components to check
2024-05-20 13:49:30,936 INFO  ExportHelperExtension.cs: 1131 - Retrieving features of type [CoordSys] from capsule-1
2024-05-20 13:49:30,936 INFO  ExportHelperExtension.cs: 1142 - Found 27 in capsule-1
2024-05-20 13:49:30,936 INFO  ExportHelperExtension.cs: 1152 - Found 1 features of type [CoordSys] in capsule-1
2024-05-20 13:49:30,937 INFO  ExportHelperExtension.cs: 1131 - Retrieving features of type [CoordSys] from mc-1
2024-05-20 13:49:30,937 INFO  ExportHelperExtension.cs: 1142 - Found 27 in mc-1
2024-05-20 13:49:30,937 INFO  ExportHelperExtension.cs: 1152 - Found 1 features of type [CoordSys] in mc-1
2024-05-20 13:49:30,938 INFO  ExportHelperExtension.cs: 1131 - Retrieving features of type [RefAxis] from 装配体1
2024-05-20 13:49:30,938 INFO  ExportHelperExtension.cs: 1142 - Found 29 in 装配体1
2024-05-20 13:49:30,939 INFO  ExportHelperExtension.cs: 1152 - Found 0 features of type [RefAxis] in 装配体1
2024-05-20 13:49:30,939 INFO  ExportHelperExtension.cs: 1155 - Proceeding through assembly components
2024-05-20 13:49:30,939 INFO  ExportHelperExtension.cs: 1167 - 2 components to check
2024-05-20 13:49:30,939 INFO  ExportHelperExtension.cs: 1131 - Retrieving features of type [RefAxis] from capsule-1
2024-05-20 13:49:30,940 INFO  ExportHelperExtension.cs: 1142 - Found 27 in capsule-1
2024-05-20 13:49:30,940 INFO  ExportHelperExtension.cs: 1152 - Found 0 features of type [RefAxis] in capsule-1
2024-05-20 13:49:30,940 INFO  ExportHelperExtension.cs: 1131 - Retrieving features of type [RefAxis] from mc-1
2024-05-20 13:49:30,941 INFO  ExportHelperExtension.cs: 1142 - Found 27 in mc-1
2024-05-20 13:49:30,941 INFO  ExportHelperExtension.cs: 1152 - Found 0 features of type [RefAxis] in mc-1
2024-05-20 13:49:31,056 INFO  SwAddin.cs: 316 - Loading config tree
2024-05-20 13:49:31,057 INFO  ExportPropertyManagerExtension.cs: 597 - Starting new configuration
2024-05-20 13:49:31,059 INFO  SwAddin.cs: 321 - Showing property manager
2024-05-20 13:49:39,413 INFO  ExportPropertyManager.cs: 1060 - OnComboboxSelectionChanged called. This method no longer throws an Exception. It just silently does nothing. Ok, except for this logging message
2024-05-20 13:49:44,595 INFO  ExportPropertyManager.cs: 1178 - OnNumberBoxTrackingCompleted called. This method no longer throws an Exception. It just silently does nothing. Ok, except for this logging message
2024-05-20 13:49:52,054 INFO  ExportPropertyManager.cs: 1060 - OnComboboxSelectionChanged called. This method no longer throws an Exception. It just silently does nothing. Ok, except for this logging message
2024-05-20 13:49:58,115 INFO  ExportPropertyManager.cs: 1178 - OnNumberBoxTrackingCompleted called. This method no longer throws an Exception. It just silently does nothing. Ok, except for this logging message
2024-05-20 13:49:58,895 INFO  ExportPropertyManager.cs: 456 - Configuration saved
2024-05-20 13:49:59,061 INFO  ExportHelperExtension.cs: 1131 - Retrieving features of type [CoordSys] from 装配体1
2024-05-20 13:49:59,065 INFO  ExportHelperExtension.cs: 1142 - Found 30 in 装配体1
2024-05-20 13:49:59,065 INFO  ExportHelperExtension.cs: 1152 - Found 1 features of type [CoordSys] in 装配体1
2024-05-20 13:49:59,065 INFO  ExportHelperExtension.cs: 1155 - Proceeding through assembly components
2024-05-20 13:49:59,065 INFO  ExportHelperExtension.cs: 1167 - 2 components to check
2024-05-20 13:49:59,066 INFO  ExportHelperExtension.cs: 1131 - Retrieving features of type [CoordSys] from capsule-1
2024-05-20 13:49:59,066 INFO  ExportHelperExtension.cs: 1142 - Found 27 in capsule-1
2024-05-20 13:49:59,066 INFO  ExportHelperExtension.cs: 1152 - Found 1 features of type [CoordSys] in capsule-1
2024-05-20 13:49:59,067 INFO  ExportHelperExtension.cs: 1131 - Retrieving features of type [CoordSys] from mc-1
2024-05-20 13:49:59,067 INFO  ExportHelperExtension.cs: 1142 - Found 27 in mc-1
2024-05-20 13:49:59,067 INFO  ExportHelperExtension.cs: 1152 - Found 1 features of type [CoordSys] in mc-1
2024-05-20 13:49:59,068 INFO  ExportHelperExtension.cs: 1131 - Retrieving features of type [RefAxis] from 装配体1
2024-05-20 13:49:59,068 INFO  ExportHelperExtension.cs: 1142 - Found 30 in 装配体1
2024-05-20 13:49:59,068 INFO  ExportHelperExtension.cs: 1152 - Found 0 features of type [RefAxis] in 装配体1
2024-05-20 13:49:59,069 INFO  ExportHelperExtension.cs: 1155 - Proceeding through assembly components
2024-05-20 13:49:59,069 INFO  ExportHelperExtension.cs: 1167 - 2 components to check
2024-05-20 13:49:59,069 INFO  ExportHelperExtension.cs: 1131 - Retrieving features of type [RefAxis] from capsule-1
2024-05-20 13:49:59,069 INFO  ExportHelperExtension.cs: 1142 - Found 27 in capsule-1
2024-05-20 13:49:59,070 INFO  ExportHelperExtension.cs: 1152 - Found 0 features of type [RefAxis] in capsule-1
2024-05-20 13:49:59,070 INFO  ExportHelperExtension.cs: 1131 - Retrieving features of type [RefAxis] from mc-1
2024-05-20 13:49:59,070 INFO  ExportHelperExtension.cs: 1142 - Found 27 in mc-1
2024-05-20 13:49:59,071 INFO  ExportHelperExtension.cs: 1152 - Found 0 features of type [RefAxis] in mc-1
2024-05-20 13:49:59,117 INFO  ExportPropertyManager.cs: 1184 - AfterClose called. This method no longer throws an Exception. It just silently does nothing. Ok, except for this logging message
2024-05-20 13:52:05,344 INFO  SwAddin.cs: 271 - Assembly export called for file 装配体1
2024-05-20 13:52:05,345 INFO  SwAddin.cs: 276 - Save is required
2024-05-20 13:52:05,345 INFO  SwAddin.cs: 290 - Saving assembly
2024-05-20 13:52:05,345 INFO  SwAddin.cs: 293 - Opening property manager
2024-05-20 13:52:05,346 INFO  ExportHelperExtension.cs: 1131 - Retrieving features of type [CoordSys] from 装配体1
2024-05-20 13:52:05,391 INFO  ExportHelperExtension.cs: 1142 - Found 29 in 装配体1
2024-05-20 13:52:05,391 INFO  ExportHelperExtension.cs: 1152 - Found 1 features of type [CoordSys] in 装配体1
2024-05-20 13:52:05,392 INFO  ExportHelperExtension.cs: 1155 - Proceeding through assembly components
2024-05-20 13:52:05,392 INFO  ExportHelperExtension.cs: 1167 - 2 components to check
2024-05-20 13:52:05,392 INFO  ExportHelperExtension.cs: 1131 - Retrieving features of type [CoordSys] from capsule-1
2024-05-20 13:52:05,392 INFO  ExportHelperExtension.cs: 1142 - Found 27 in capsule-1
2024-05-20 13:52:05,393 INFO  ExportHelperExtension.cs: 1152 - Found 1 features of type [CoordSys] in capsule-1
2024-05-20 13:52:05,393 INFO  ExportHelperExtension.cs: 1131 - Retrieving features of type [CoordSys] from mc-1
2024-05-20 13:52:05,394 INFO  ExportHelperExtension.cs: 1142 - Found 27 in mc-1
2024-05-20 13:52:05,394 INFO  ExportHelperExtension.cs: 1152 - Found 1 features of type [CoordSys] in mc-1
2024-05-20 13:52:05,394 INFO  ExportHelperExtension.cs: 1131 - Retrieving features of type [RefAxis] from 装配体1
2024-05-20 13:52:05,395 INFO  ExportHelperExtension.cs: 1142 - Found 29 in 装配体1
2024-05-20 13:52:05,395 INFO  ExportHelperExtension.cs: 1152 - Found 0 features of type [RefAxis] in 装配体1
2024-05-20 13:52:05,395 INFO  ExportHelperExtension.cs: 1155 - Proceeding through assembly components
2024-05-20 13:52:05,396 INFO  ExportHelperExtension.cs: 1167 - 2 components to check
2024-05-20 13:52:05,396 INFO  ExportHelperExtension.cs: 1131 - Retrieving features of type [RefAxis] from capsule-1
2024-05-20 13:52:05,396 INFO  ExportHelperExtension.cs: 1142 - Found 27 in capsule-1
2024-05-20 13:52:05,396 INFO  ExportHelperExtension.cs: 1152 - Found 0 features of type [RefAxis] in capsule-1
2024-05-20 13:52:05,397 INFO  ExportHelperExtension.cs: 1131 - Retrieving features of type [RefAxis] from mc-1
2024-05-20 13:52:05,397 INFO  ExportHelperExtension.cs: 1142 - Found 27 in mc-1
2024-05-20 13:52:05,397 INFO  ExportHelperExtension.cs: 1152 - Found 0 features of type [RefAxis] in mc-1
2024-05-20 13:52:05,513 INFO  SwAddin.cs: 316 - Loading config tree
2024-05-20 13:52:05,514 INFO  ExportPropertyManagerExtension.cs: 597 - Starting new configuration
2024-05-20 13:52:05,520 INFO  SwAddin.cs: 321 - Showing property manager
2024-05-20 13:52:14,546 INFO  ExportPropertyManager.cs: 456 - Configuration saved
2024-05-20 13:52:16,295 INFO  ExportHelperExtension.cs: 1131 - Retrieving features of type [CoordSys] from 装配体1
2024-05-20 13:52:16,295 INFO  ExportHelperExtension.cs: 1142 - Found 32 in 装配体1
2024-05-20 13:52:16,296 INFO  ExportHelperExtension.cs: 1152 - Found 2 features of type [CoordSys] in 装配体1
2024-05-20 13:52:16,296 INFO  ExportHelperExtension.cs: 1155 - Proceeding through assembly components
2024-05-20 13:52:16,296 INFO  ExportHelperExtension.cs: 1167 - 2 components to check
2024-05-20 13:52:16,297 INFO  ExportHelperExtension.cs: 1131 - Retrieving features of type [CoordSys] from capsule-1
2024-05-20 13:52:16,297 INFO  ExportHelperExtension.cs: 1142 - Found 27 in capsule-1
2024-05-20 13:52:16,297 INFO  ExportHelperExtension.cs: 1152 - Found 1 features of type [CoordSys] in capsule-1
2024-05-20 13:52:16,297 INFO  ExportHelperExtension.cs: 1131 - Retrieving features of type [CoordSys] from mc-1
2024-05-20 13:52:16,298 INFO  ExportHelperExtension.cs: 1142 - Found 27 in mc-1
2024-05-20 13:52:16,298 INFO  ExportHelperExtension.cs: 1152 - Found 1 features of type [CoordSys] in mc-1
2024-05-20 13:52:16,298 INFO  ExportHelperExtension.cs: 1131 - Retrieving features of type [RefAxis] from 装配体1
2024-05-20 13:52:16,299 INFO  ExportHelperExtension.cs: 1142 - Found 32 in 装配体1
2024-05-20 13:52:16,299 INFO  ExportHelperExtension.cs: 1152 - Found 0 features of type [RefAxis] in 装配体1
2024-05-20 13:52:16,299 INFO  ExportHelperExtension.cs: 1155 - Proceeding through assembly components
2024-05-20 13:52:16,299 INFO  ExportHelperExtension.cs: 1167 - 2 components to check
2024-05-20 13:52:16,300 INFO  ExportHelperExtension.cs: 1131 - Retrieving features of type [RefAxis] from capsule-1
2024-05-20 13:52:16,300 INFO  ExportHelperExtension.cs: 1142 - Found 27 in capsule-1
2024-05-20 13:52:16,300 INFO  ExportHelperExtension.cs: 1152 - Found 0 features of type [RefAxis] in capsule-1
2024-05-20 13:52:16,301 INFO  ExportHelperExtension.cs: 1131 - Retrieving features of type [RefAxis] from mc-1
2024-05-20 13:52:16,301 INFO  ExportHelperExtension.cs: 1142 - Found 27 in mc-1
2024-05-20 13:52:16,301 INFO  ExportHelperExtension.cs: 1152 - Found 0 features of type [RefAxis] in mc-1
2024-05-20 13:52:16,349 INFO  ExportPropertyManager.cs: 1184 - AfterClose called. This method no longer throws an Exception. It just silently does nothing. Ok, except for this logging message
2024-05-20 13:52:38,929 INFO  AssemblyExportForm.cs: 254 - Completing URDF export
2024-05-20 13:52:39,352 INFO  Serialization.cs: 275 - URDF Configuration found
<Link z:Id="i1" xmlns="http://schemas.datacontract.org/2004/07/SW2URDF" xmlns:i="http://www.w3.org/2001/XMLSchema-instance" xmlns:z="http://schemas.microsoft.com/2003/10/Serialization/"><Attributes><Attribute z:Id="i2"><AttributeType>name</AttributeType><IsRequired>true</IsRequired><Value i:type="a:string" xmlns:a="http://www.w3.org/2001/XMLSchema">base_link</Value></Attribute></Attributes><ChildElements><URDFElement z:Id="i3" i:type="Inertial"><Attributes/><ChildElements><URDFElement z:Id="i4" i:type="Origin"><Attributes><Attribute z:Id="i5"><AttributeType>xyz</AttributeType><IsRequired>true</IsRequired><Value i:type="a:ArrayOfdouble" xmlns:a="http://schemas.microsoft.com/2003/10/Serialization/Arrays"><a:double>0</a:double><a:double>0</a:double><a:double>0</a:double></Value></Attribute><Attribute z:Id="i6"><AttributeType>rpy</AttributeType><IsRequired>true</IsRequired><Value i:type="a:ArrayOfdouble" xmlns:a="http://schemas.microsoft.com/2003/10/Serialization/Arrays"><a:double>0</a:double><a:double>0</a:double><a:double>0</a:double></Value></Attribute></Attributes><ChildElements/><ElementName>origin</ElementName><required>false</required><RPYAttribute z:Ref="i6"/><XYZAttribute z:Ref="i5"/><isCustomized>false</isCustomized></URDFElement><URDFElement z:Id="i7" i:type="Mass"><Attributes><Attribute z:Id="i8"><AttributeType>value</AttributeType><IsRequired>true</IsRequired><Value i:type="a:double" xmlns:a="http://www.w3.org/2001/XMLSchema">0</Value></Attribute></Attributes><ChildElements/><ElementName>mass</ElementName><required>false</required><ValueAttribute z:Ref="i8"/></URDFElement><URDFElement z:Id="i9" i:type="Inertia"><Attributes><Attribute z:Id="i10"><AttributeType>ixx</AttributeType><IsRequired>true</IsRequired><Value i:type="a:double" xmlns:a="http://www.w3.org/2001/XMLSchema">0</Value></Attribute><Attribute z:Id="i11"><AttributeType>ixy</AttributeType><IsRequired>true</IsRequired><Value i:type="a:double" xmlns:a="http://www.w3.org/2001/XMLSchema">0</Value></Attribute><Attribute z:Id="i12"><AttributeType>ixz</AttributeType><IsRequired>true</IsRequired><Value i:type="a:double" xmlns:a="http://www.w3.org/2001/XMLSchema">0</Value></Attribute><Attribute z:Id="i13"><AttributeType>iyy</AttributeType><IsRequired>true</IsRequired><Value i:type="a:double" xmlns:a="http://www.w3.org/2001/XMLSchema">0</Value></Attribute><Attribute z:Id="i14"><AttributeType>iyz</AttributeType><IsRequired>true</IsRequired><Value i:type="a:double" xmlns:a="http://www.w3.org/2001/XMLSchema">0</Value></Attribute><Attribute z:Id="i15"><AttributeType>izz</AttributeType><IsRequired>true</IsRequired><Value i:type="a:double" xmlns:a="http://www.w3.org/2001/XMLSchema">0</Value></Attribute></Attributes><ChildElements/><ElementName>inertia</ElementName><required>false</required><IxxAttribute z:Ref="i10"/><IxyAttribute z:Ref="i11"/><IxzAttribute z:Ref="i12"/><IyyAttribute z:Ref="i13"/><IyzAttribute z:Ref="i14"/><IzzAttribute z:Ref="i15"/></URDFElement></ChildElements><ElementName>inertial</ElementName><required>false</required><Inertia z:Ref="i9"/><Mass z:Ref="i7"/><Origin z:Ref="i4"/></URDFElement><URDFElement z:Id="i16" i:type="Visual"><Attributes/><ChildElements><URDFElement z:Id="i17" i:type="Origin"><Attributes><Attribute z:Id="i18"><AttributeType>xyz</AttributeType><IsRequired>true</IsRequired><Value i:type="a:ArrayOfdouble" xmlns:a="http://schemas.microsoft.com/2003/10/Serialization/Arrays"><a:double>0</a:double><a:double>0</a:double><a:double>0</a:double></Value></Attribute><Attribute z:Id="i19"><AttributeType>rpy</AttributeType><IsRequired>true</IsRequired><Value i:type="a:ArrayOfdouble" xmlns:a="http://schemas.microsoft.com/2003/10/Serialization/Arrays"><a:double>0</a:double><a:double>0</a:double><a:double>0</a:double></Value></Attribute></Attributes><ChildElements/><ElementName>origin</ElementName><required>false</required><RPYAttribute z:Ref="i19"/><XYZAttribute z:Ref="i18"/><isCustomized>false</isCustomized></URDFElement><URDFElement z:Id="i20" i:type="Geometry"><Attributes/><ChildElements><URDFElement z:Id="i21" i:type="Mesh"><Attributes><Attribute z:Id="i22"><AttributeType>filename</AttributeType><IsRequired>true</IsRequired><Value i:nil="true"/></Attribute></Attributes><ChildElements/><ElementName>mesh</ElementName><required>false</required><FilenameAttribute z:Ref="i22"/></URDFElement></ChildElements><ElementName>geometry</ElementName><required>true</required><Mesh z:Ref="i21"/></URDFElement><URDFElement z:Id="i23" i:type="Material"><Attributes><Attribute z:Id="i24"><AttributeType>name</AttributeType><IsRequired>true</IsRequired><Value i:type="a:string" xmlns:a="http://www.w3.org/2001/XMLSchema"/></Attribute></Attributes><ChildElements><URDFElement z:Id="i25" i:type="Color"><Attributes><Attribute z:Id="i26"><AttributeType>rgba</AttributeType><IsRequired>true</IsRequired><Value i:type="a:ArrayOfdouble" xmlns:a="http://schemas.microsoft.com/2003/10/Serialization/Arrays"><a:double>1</a:double><a:double>1</a:double><a:double>1</a:double><a:double>1</a:double></Value></Attribute></Attributes><ChildElements/><ElementName>color</ElementName><required>false</required><RGBAAttribute z:Ref="i26"/></URDFElement><URDFElement z:Id="i27" i:type="Texture"><Attributes><Attribute z:Id="i28"><AttributeType>filename</AttributeType><IsRequired>true</IsRequired><Value i:nil="true"/></Attribute></Attributes><ChildElements/><ElementName>texture</ElementName><required>false</required><FilenameAttribute z:Ref="i28"/><wFilename/></URDFElement></ChildElements><ElementName>material</ElementName><required>false</required><Color z:Ref="i25"/><NameAttribute z:Ref="i24"/><Texture z:Ref="i27"/></URDFElement></ChildElements><ElementName>visual</ElementName><required>false</required><Geometry z:Ref="i20"/><Material z:Ref="i23"/><Origin z:Ref="i17"/></URDFElement><URDFElement z:Id="i29" i:type="Collision"><Attributes/><ChildElements><URDFElement z:Id="i30" i:type="Origin"><Attributes><Attribute z:Id="i31"><AttributeType>xyz</AttributeType><IsRequired>true</IsRequired><Value i:type="a:ArrayOfdouble" xmlns:a="http://schemas.microsoft.com/2003/10/Serialization/Arrays"><a:double>0</a:double><a:double>0</a:double><a:double>0</a:double></Value></Attribute><Attribute z:Id="i32"><AttributeType>rpy</AttributeType><IsRequired>true</IsRequired><Value i:type="a:ArrayOfdouble" xmlns:a="http://schemas.microsoft.com/2003/10/Serialization/Arrays"><a:double>0</a:double><a:double>0</a:double><a:double>0</a:double></Value></Attribute></Attributes><ChildElements/><ElementName>origin</ElementName><required>false</required><RPYAttribute z:Ref="i32"/><XYZAttribute z:Ref="i31"/><isCustomized>false</isCustomized></URDFElement><URDFElement z:Id="i33" i:type="Geometry"><Attributes/><ChildElements><URDFElement z:Id="i34" i:type="Mesh"><Attributes><Attribute z:Id="i35"><AttributeType>filename</AttributeType><IsRequired>true</IsRequired><Value i:nil="true"/></Attribute></Attributes><ChildElements/><ElementName>mesh</ElementName><required>false</required><FilenameAttribute z:Ref="i35"/></URDFElement></ChildElements><ElementName>geometry</ElementName><required>true</required><Mesh z:Ref="i34"/></URDFElement></ChildElements><ElementName>collision</ElementName><required>false</required><Geometry z:Ref="i33"/><Origin z:Ref="i30"/></URDFElement><URDFElement z:Id="i36" i:type="Joint"><Attributes><Attribute z:Id="i37"><AttributeType>name</AttributeType><IsRequired>true</IsRequired><Value i:type="a:string" xmlns:a="http://www.w3.org/2001/XMLSchema"/></Attribute><Attribute z:Id="i38"><AttributeType>type</AttributeType><IsRequired>true</IsRequired><Value i:type="a:string" xmlns:a="http://www.w3.org/2001/XMLSchema"/></Attribute></Attributes><ChildElements><URDFElement z:Id="i39" i:type="Origin"><Attributes><Attribute z:Id="i40"><AttributeType>xyz</AttributeType><IsRequired>true</IsRequired><Value i:type="a:ArrayOfdouble" xmlns:a="http://schemas.microsoft.com/2003/10/Serialization/Arrays"><a:double>0</a:double><a:double>0</a:double><a:double>0</a:double></Value></Attribute><Attribute z:Id="i41"><AttributeType>rpy</AttributeType><IsRequired>true</IsRequired><Value i:type="a:ArrayOfdouble" xmlns:a="http://schemas.microsoft.com/2003/10/Serialization/Arrays"><a:double>0</a:double><a:double>0</a:double><a:double>0</a:double></Value></Attribute></Attributes><ChildElements/><ElementName>origin</ElementName><required>false</required><RPYAttribute z:Ref="i41"/><XYZAttribute z:Ref="i40"/><isCustomized>false</isCustomized></URDFElement><URDFElement z:Id="i42" i:type="ParentLink"><Attributes><Attribute z:Id="i43"><AttributeType>link</AttributeType><IsRequired>true</IsRequired><Value i:type="a:string" xmlns:a="http://www.w3.org/2001/XMLSchema"/></Attribute></Attributes><ChildElements/><ElementName>parent</ElementName><required>true</required><NameAttribute z:Ref="i43"/></URDFElement><URDFElement z:Id="i44" i:type="ChildLink"><Attributes><Attribute z:Id="i45"><AttributeType>link</AttributeType><IsRequired>true</IsRequired><Value i:type="a:string" xmlns:a="http://www.w3.org/2001/XMLSchema"/></Attribute></Attributes><ChildElements/><ElementName>child</ElementName><required>true</required><NameAttribute z:Ref="i45"/></URDFElement><URDFElement z:Id="i46" i:type="Axis"><Attributes><Attribute z:Id="i47"><AttributeType>xyz</AttributeType><IsRequired>true</IsRequired><Value i:type="a:ArrayOfdouble" xmlns:a="http://schemas.microsoft.com/2003/10/Serialization/Arrays"><a:double>0</a:double><a:double>0</a:double><a:double>0</a:double></Value></Attribute></Attributes><ChildElements/><ElementName>axis</ElementName><required>false</required><XYZAttribute z:Ref="i47"/></URDFElement><URDFElement z:Id="i48" i:type="Limit"><Attributes><Attribute z:Id="i49"><AttributeType>lower</AttributeType><IsRequired>false</IsRequired><Value i:nil="true"/></Attribute><Attribute z:Id="i50"><AttributeType>upper</AttributeType><IsRequired>false</IsRequired><Value i:nil="true"/></Attribute><Attribute z:Id="i51"><AttributeType>effort</AttributeType><IsRequired>true</IsRequired><Value i:nil="true"/></Attribute><Attribute z:Id="i52"><AttributeType>velocity</AttributeType><IsRequired>true</IsRequired><Value i:nil="true"/></Attribute></Attributes><ChildElements/><ElementName>limit</ElementName><required>false</required><EffortAttribute z:Ref="i51"/><LowerAttribute z:Ref="i49"/><UpperAttribute z:Ref="i50"/><VelocityAttribute z:Ref="i52"/></URDFElement><URDFElement z:Id="i53" i:type="Calibration"><Attributes><Attribute z:Id="i54"><AttributeType>rising</AttributeType><IsRequired>false</IsRequired><Value i:nil="true"/></Attribute><Attribute z:Id="i55"><AttributeType>falling</AttributeType><IsRequired>false</IsRequired><Value i:nil="true"/></Attribute></Attributes><ChildElements/><ElementName>calibration</ElementName><required>false</required><FallingAttribute z:Ref="i55"/><RisingAttribute z:Ref="i54"/></URDFElement><URDFElement z:Id="i56" i:type="Dynamics"><Attributes><Attribute z:Id="i57"><AttributeType>damping</AttributeType><IsRequired>false</IsRequired><Value i:nil="true"/></Attribute><Attribute z:Id="i58"><AttributeType>friction</AttributeType><IsRequired>false</IsRequired><Value i:nil="true"/></Attribute></Attributes><ChildElements/><ElementName>dynamics</ElementName><required>false</required><DampingAttribute z:Ref="i57"/><FrictionAttribute z:Ref="i58"/></URDFElement><URDFElement z:Id="i59" i:type="SafetyController"><Attributes><Attribute z:Id="i60"><AttributeType>soft_upper</AttributeType><IsRequired>false</IsRequired><Value i:nil="true"/></Attribute><Attribute z:Id="i61"><AttributeType>soft_lower</AttributeType><IsRequired>false</IsRequired><Value i:nil="true"/></Attribute><Attribute z:Id="i62"><AttributeType>k_position</AttributeType><IsRequired>false</IsRequired><Value i:nil="true"/></Attribute><Attribute z:Id="i63"><AttributeType>k_velocity</AttributeType><IsRequired>true</IsRequired><Value i:nil="true"/></Attribute></Attributes><ChildElements/><ElementName>safety_controller</ElementName><required>false</required><KPositionAttribute z:Ref="i62"/><KVelocityAttribute z:Ref="i63"/><SoftLowerAttribute z:Ref="i61"/><SoftUpperAttribute z:Ref="i60"/></URDFElement><URDFElement z:Id="i64" i:type="Mimic"><Attributes><Attribute z:Id="i65"><AttributeType>joint</AttributeType><IsRequired>true</IsRequired><Value i:nil="true"/></Attribute><Attribute z:Id="i66"><AttributeType>multiplier</AttributeType><IsRequired>false</IsRequired><Value i:nil="true"/></Attribute><Attribute z:Id="i67"><AttributeType>offset</AttributeType><IsRequired>false</IsRequired><Value i:nil="true"/></Attribute></Attributes><ChildElements/><ElementName>mimic</ElementName><required>false</required><JointNameAttribute z:Ref="i65"/><MultiplierAttribute z:Ref="i66"/><OffsetAttribute z:Ref="i67"/></URDFElement></ChildElements><ElementName>joint</ElementName><required>false</required><Axis z:Ref="i46"/><AxisName/><Calibration z:Ref="i53"/><Child z:Ref="i44"/><CoordinateSystemName>Automatically Generate</CoordinateSystemName><Dynamics z:Ref="i56"/><Limit z:Ref="i48"/><Mimic z:Ref="i64"/><NameAttribute z:Ref="i37"/><Origin z:Ref="i39"/><Parent z:Ref="i42"/><Safety z:Ref="i59"/><TypeAttribute z:Ref="i38"/></URDFElement></ChildElements><ElementName>link</ElementName><required>true</required><Children/><Collision z:Ref="i29"/><Inertial z:Ref="i3"/><Joint z:Ref="i36"/><NameAttribute z:Ref="i2"/><Parent i:nil="true"/><STLQualityFine>false</STLQualityFine><SWComponentPIDs xmlns:a="http://schemas.microsoft.com/2003/10/Serialization/Arrays"><a:base64Binary>4C4AAAUAAAD//v8AAAAAAA==</a:base64Binary></SWComponentPIDs><SWMainComponentPID i:nil="true"/><Visual z:Ref="i16"/><isFixedFrame>false</isFixedFrame><isIncomplete>false</isIncomplete></Link>
2024-05-20 13:52:55,369 INFO  AssemblyExportForm.cs: 308 - Saving URDF package to D:\magnet_module\mc_capsule
2024-05-20 13:52:55,371 INFO  ExportHelper.cs: 147 - Beginning the export process
2024-05-20 13:52:55,375 INFO  ExportHelper.cs: 153 - Creating package directories with name mc_capsule and save path D:\magnet_module
2024-05-20 13:52:57,200 INFO  ExportHelper.cs: 162 - Creating CMakeLists.txt at D:\magnet_module\mc_capsule\CMakeLists.txt
2024-05-20 13:52:57,201 INFO  ExportHelper.cs: 166 - Creating joint names config at D:\magnet_module\mc_capsule\config\joint_names_mc_capsule.yaml
2024-05-20 13:52:57,202 INFO  ExportHelper.cs: 170 - Creating package.xml at D:\magnet_module\mc_capsule\package.xml
2024-05-20 13:52:57,203 INFO  PackageXMLWriter.cs: 21 - Creating package.xml at D:\magnet_module\mc_capsule\package.xml
2024-05-20 13:52:57,601 INFO  ExportHelper.cs: 177 - Creating RVIZ launch file in D:\magnet_module\mc_capsule\launch\
2024-05-20 13:52:57,606 INFO  ExportHelper.cs: 182 - Creating Gazebo launch file in D:\magnet_module\mc_capsule\launch\
2024-05-20 13:52:57,609 INFO  ExportHelper.cs: 187 - Saving existing STL preferences
2024-05-20 13:52:57,610 INFO  ExportHelper.cs: 451 - Saving users preferences
2024-05-20 13:52:57,611 INFO  ExportHelper.cs: 190 - Modifying STL preferences
2024-05-20 13:52:57,611 INFO  ExportHelper.cs: 465 - Setting STL preferences
2024-05-20 13:52:57,625 INFO  ExportHelper.cs: 196 - Found 0 hidden components 
2024-05-20 13:52:57,625 INFO  ExportHelper.cs: 197 - Hiding all components
2024-05-20 13:52:57,767 INFO  ExportHelper.cs: 204 - Beginning individual files export
2024-05-20 13:52:57,768 INFO  ExportHelper.cs: 270 - Exporting link: base_link
2024-05-20 13:52:57,769 INFO  ExportHelper.cs: 272 - Link base_link has 0 children
2024-05-20 13:52:57,770 INFO  ExportHelper.cs: 318 - base_link: Exporting STL with coordinate frame Origin_global
2024-05-20 13:52:57,770 INFO  ExportHelper.cs: 323 - base_link: Reference geometry name 
2024-05-20 13:52:57,867 INFO  ExportHelper.cs: 331 - Saving STL to D:\magnet_module\mc_capsule\meshes\base_link.STL
2024-05-20 13:52:58,182 INFO  ExportHelper.cs: 406 - Removing SW header in STL file
2024-05-20 13:52:58,183 INFO  ExportHelper.cs: 145 - Showing all components except previously hidden components
2024-05-20 13:52:58,306 INFO  ExportHelper.cs: 145 - Resetting STL preferences
2024-05-20 13:52:58,307 INFO  ExportHelper.cs: 479 - Returning STL preferences to user preferences
2024-05-20 13:52:58,307 INFO  ExportHelper.cs: 228 - Writing URDF file to D:\magnet_module\mc_capsule\urdf\mc_capsule.urdf
2024-05-20 13:52:58,406 INFO  CSVImportExport.cs: 32 - Writing CSV file D:\magnet_module\mc_capsule\urdf\mc_capsule.csv
2024-05-20 13:52:58,433 ERROR CSVImportExport.cs: 132 - The following columns were not written to the CSV: Link.Joint.ChildLink.link,
2024-05-20 13:52:58,434 INFO  ExportHelper.cs: 234 - Copying log file
2024-05-20 13:52:58,437 INFO  ExportHelper.cs: 440 - Copying C:\Users\ding\sw2urdf_logs\sw2urdf.log to D:\magnet_module\mc_capsule\export.log
